<?xml version="1.0" encoding="UTF-8"?>
<!-- Generated by org.testng.reporters.JUnitReportReporter -->
<testsuite hostname="bgul" failures="0" tests="1" name="testSteps.SnapengageSteps" time="4.732" errors="0" timestamp="2019-11-18T21:53:24 EET" skipped="0">
  <testcase classname="testSteps.SnapengageSteps" name="snapEngageTestScenario" time="4.732"/>
</testsuite> <!-- testSteps.SnapengageSteps -->
