<?xml version="1.0" encoding="UTF-8"?>
<!-- Generated by org.testng.reporters.JUnitReportReporter -->
<testsuite hostname="bgul" failures="0" tests="1" name="com.tem.mavenTestNGProject.smokeTest" time="2.673" errors="0" timestamp="2019-11-17T23:52:29 EET" skipped="0">
  <testcase classname="com.tem.mavenTestNGProject.smokeTest" name="smokeTest" time="2.673"/>
</testsuite> <!-- com.tem.mavenTestNGProject.smokeTest -->
