<?xml version="1.0" encoding="UTF-8"?>
<!-- Generated by org.testng.reporters.JUnitReportReporter -->
<testsuite hostname="bgul" failures="0" tests="1" name="com.tem.mavenTestNGProject.MyTest" time="3.585" errors="0" timestamp="2019-11-17T23:52:29 EET" skipped="0">
  <testcase classname="com.tem.mavenTestNGProject.MyTest" name="smokeTest" time="3.585"/>
</testsuite> <!-- com.tem.mavenTestNGProject.MyTest -->
