<?xml version="1.0" encoding="UTF-8"?>
<!-- Generated by org.testng.reporters.JUnitReportReporter -->
<testsuite hostname="bgul" failures="0" tests="1" name="MySteps.smokeTest" time="4.589" errors="0" timestamp="2019-11-18T21:43:56 EET" skipped="0">
  <testcase classname="MySteps.smokeTest" name="snapEngageTestScenario" time="4.589"/>
</testsuite> <!-- MySteps.smokeTest -->
